Ansys Lumerical 2020 R2 FDTD Solver Version 8.24.2387 (Windows 64bit)
 expires (month/day/year): 12/31/2035
using config file: Ansys Licensing set with ANSYSLMD_LICENSE_FILE
license host: 
current time: Mon Feb  5 20:04:15 2024
Running on host: DESKTOP-RAEJBV8
host available memory (GB): 6.663078
All processes are communicating and ready to proceed to simulation...
Running fsp file: C:\Program Files\Lumerical\v202\bin\fdtd-engine-msmpi.exe -t 1 -remote C:/Users/yuanx/Desktop/python-lum/History_files/fiber_bragg_grating_straight_20240201.fsp
number of processors is 12
processors are distributed as: 6x2x1
Running 2D Simulation
Starting meshing
Simulation size in gridpoints: 215 x 303 x 1
Refined 0 mesh cells (0%)
Completed meshing!
Meshing complete in 0.03125 seconds of CPU time
0 0
Starting meshing
Simulation size in gridpoints: 215 x 303 x 1
Refined 0 mesh cells (0%)
Completed meshing!
Meshing complete in 0.03125 seconds of CPU time
0 0
finished material properties
Selected kernel with optimization level: 2 and split-field propagation direction: 0
Starting meshing
Simulation size in gridpoints: 215 x 303 x 1
Refined 0 mesh cells (0%)
Completed meshing!
Meshing complete in 0.046875 seconds of CPU time
0 0
Selected kernel with optimization level: 2 and split-field propagation direction: 0
-----------------------------------------
Beginning initialization of 2D FDTD Simulation
  Including TE Simulation
Starting to add sources to simulation

Adding Gaussian source propagating in X
Starting to add boundary conditions to simulation
Adding PML BC
Adding parallel BC
Adding PML BC
Adding parallel BC
Starting to add monitors to Simulation
Adding analysis monitor
Adding frequency monitor
Adding frequency monitor
Finished initialization of 2D Simulation
-----------------------------------------
All processes are communicating and ready to proceed to simulation...
Starting 20976 total iterations
0.228831% complete. Max time remaining: 2 mins, 4 secs. Auto Shutoff: 1
2.36459% complete. Max time remaining: 2 mins, 46 secs. Auto Shutoff: 1
3.58502% complete. Max time remaining: 2 mins, 45 secs. Auto Shutoff: 1
4.80545% complete. Max time remaining: 2 mins, 41 secs. Auto Shutoff: 1
6.02589% complete. Max time remaining: 2 mins, 36 secs. Auto Shutoff: 0.993193
7.24632% complete. Max time remaining: 2 mins, 31 secs. Auto Shutoff: 1.02328
8.46675% complete. Max time remaining: 2 mins, 27 secs. Auto Shutoff: 0.966299
9.68718% complete. Max time remaining: 2 mins, 24 secs. Auto Shutoff: 1.00728
10.9076% complete. Max time remaining: 2 mins, 23 secs. Auto Shutoff: 0.931521
12.7383% complete. Max time remaining: 2 mins, 20 secs. Auto Shutoff: 0.925308
13.9587% complete. Max time remaining: 2 mins, 18 secs. Auto Shutoff: 0.733179
15.1791% complete. Max time remaining: 2 mins, 15 secs. Auto Shutoff: 0.0424195
16.3996% complete. Max time remaining: 2 mins, 18 secs. Auto Shutoff: 0.0119723
17.62% complete. Max time remaining: 2 mins, 16 secs. Auto Shutoff: 0.00875189
18.8404% complete. Max time remaining: 2 mins, 14 secs. Auto Shutoff: 0.00641766
20.0609% complete. Max time remaining: 2 mins, 11 secs. Auto Shutoff: 0.00501781
21.2813% complete. Max time remaining: 2 mins, 9 secs. Auto Shutoff: 0.00325411
23.1119% complete. Max time remaining: 2 mins, 6 secs. Auto Shutoff: 0.00123241
24.3324% complete. Max time remaining: 2 mins, 3 secs. Auto Shutoff: 0.000557861
25.5528% complete. Max time remaining: 2 mins, 1 secs. Auto Shutoff: 0.000278933
26.7732% complete. Max time remaining: 1 min, 60 secs. Auto Shutoff: 0.000183985
27.9937% complete. Max time remaining: 1 min, 59 secs. Auto Shutoff: 9.56777e-05
29.8243% complete. Max time remaining: 1 min, 56 secs. Auto Shutoff: 3.78045e-05
31.0448% complete. Max time remaining: 1 min, 54 secs. Auto Shutoff: 2.14653e-05
32.8754% complete. Max time remaining: 1 min, 50 secs. Auto Shutoff: 1.11698e-05
100% complete. Max time remaining: 0 mins, 0 secs. Auto Shutoff: 9.70571e-06
Early termination of simulation, the autoshutoff criteria are satisfied.
Completed 6942 iterations, or 3.309470e-13s of Simulation Time
Process 0 starting to collect data
    collecting TM monitor data
    collecting TE monitor data
    collecting TM source data
    collecting TE source data
Finished collecting data
Simulation completed successfully at: Mon Feb  5 20:05:10 2024
Overall wall time measurements in seconds: 60.4056
    time to mesh and initialize: 0.508364
    time to run FDTD simulation: 54.4703
    time to checkpoint simulation: 4e-07
    time to finalize data and save to files: 0.0745437
    miscellaneous time: 5.35235
    FDTD solver speed on process 0: 8.30245 Mnodes/s
    total FDTD solver speed on 12 processes: 99.6294 Mnodes/s
